0 info it worked if it ends with ok
1 verbose cli [ 'C:\\Program Files\\nodejs\\node.exe',
1 verbose cli   'C:\\Program Files\\nodejs\\node_modules\\npm\\bin\\npm-cli.js',
1 verbose cli   'run',
1 verbose cli   'lite' ]
2 info using npm@3.7.3
3 info using node@v5.9.1
4 verbose run-script [ 'prelite', 'lite', 'postlite' ]
5 info lifecycle angular2-starter@1.0.0~prelite: angular2-starter@1.0.0
6 silly lifecycle angular2-starter@1.0.0~prelite: no script for prelite, continuing
7 info lifecycle angular2-starter@1.0.0~lite: angular2-starter@1.0.0
8 verbose lifecycle angular2-starter@1.0.0~lite: unsafe-perm in lifecycle true
9 verbose lifecycle angular2-starter@1.0.0~lite: PATH: C:\Program Files\nodejs\node_modules\npm\bin\node-gyp-bin;C:\Users\Taimoor tariq\Desktop\chapter3angular2\node_modules\.bin;C:\Program Files\nodejs;C:\Program Files\nodejs\node_modules\npm\bin\node-gyp-bin;C:\Users\Taimoor tariq\Desktop\chapter3angular2\node_modules\.bin;C:\Program Files\nodejs;C:\ProgramData\Oracle\Java\javapath;C:\Windows\system32;C:\Windows;C:\Windows\System32\Wbem;C:\Windows\System32\WindowsPowerShell\v1.0\;C:\Program Files (x86)\ATI Technologies\ATI.ACE\Core-Static;C:\Program Files (x86)\Heroku\bin;C:\Program Files (x86)\git\cmd;C:\Users\Taimoor tariq\AppData\Local\Programs\Git\cmd;C:\Program Files (x86)\Skype\Phone\;C:\Program Files\nodejs\;C:\Program Files (x86)\SmartGit\git;C:\Users\Taimoor tariq\AppData\Local\Programs\Git\cmd;C:\Program Files\MongoDB\Server\3.0\bin;C:\Program Files (x86)\OpenVPN\bin;C:\Program Files (x86)\Microsoft VS CodeNew\bin;C:\Users\Taimoor tariq\AppData\Roaming\npm
10 verbose lifecycle angular2-starter@1.0.0~lite: CWD: C:\Users\Taimoor tariq\Desktop\chapter3angular2
11 silly lifecycle angular2-starter@1.0.0~lite: Args: [ '/d /s /c', 'lite-server' ]
12 silly lifecycle angular2-starter@1.0.0~lite: Returned: code: 1  signal: null
13 info lifecycle angular2-starter@1.0.0~lite: Failed to exec lite script
14 verbose stack Error: angular2-starter@1.0.0 lite: `lite-server`
14 verbose stack Exit status 1
14 verbose stack     at EventEmitter.<anonymous> (C:\Program Files\nodejs\node_modules\npm\lib\utils\lifecycle.js:239:16)
14 verbose stack     at emitTwo (events.js:100:13)
14 verbose stack     at EventEmitter.emit (events.js:185:7)
14 verbose stack     at ChildProcess.<anonymous> (C:\Program Files\nodejs\node_modules\npm\lib\utils\spawn.js:24:14)
14 verbose stack     at emitTwo (events.js:100:13)
14 verbose stack     at ChildProcess.emit (events.js:185:7)
14 verbose stack     at maybeClose (internal/child_process.js:850:16)
14 verbose stack     at Process.ChildProcess._handle.onexit (internal/child_process.js:215:5)
15 verbose pkgid angular2-starter@1.0.0
16 verbose cwd C:\Users\Taimoor tariq\Desktop\chapter3angular2
17 error Windows_NT 6.3.9600
18 error argv "C:\\Program Files\\nodejs\\node.exe" "C:\\Program Files\\nodejs\\node_modules\\npm\\bin\\npm-cli.js" "run" "lite"
19 error node v5.9.1
20 error npm  v3.7.3
21 error code ELIFECYCLE
22 error angular2-starter@1.0.0 lite: `lite-server`
22 error Exit status 1
23 error Failed at the angular2-starter@1.0.0 lite script 'lite-server'.
23 error Make sure you have the latest version of node.js and npm installed.
23 error If you do, this is most likely a problem with the angular2-starter package,
23 error not with npm itself.
23 error Tell the author that this fails on your system:
23 error     lite-server
23 error You can get information on how to open an issue for this project with:
23 error     npm bugs angular2-starter
23 error Or if that isn't available, you can get their info via:
23 error     npm owner ls angular2-starter
23 error There is likely additional logging output above.
24 verbose exit [ 1, true ]
